<?xml version="1.0" encoding="UTF-8"?>
<!-- Generated by org.testng.reporters.JUnitXMLReporter -->
<testsuite hostname="ahtisham-HP-15-Notebook-PC" ignored="0" name="Test" tests="1" failures="1" timestamp="05 Dec 2019 13:18:53 GMT" time="61.613" errors="0">
  <testcase name="hit" time="61.568" classname="lotame.laptopurl.HitUrlTest">
    <failure type="java.io.FileNotFoundException" message="../Lotame-Url/src/test/java/Lotame/laptop_url/Lotame_laptop_pages.xls (No such file or directory)">
      <![CDATA[java.io.FileNotFoundException: ../Lotame-Url/src/test/java/Lotame/laptop_url/Lotame_laptop_pages.xls (No such file or directory)
at java.io.FileOutputStream.open0(Native Method)
at java.io.FileOutputStream.open(FileOutputStream.java:270)
at java.io.FileOutputStream.<init>(FileOutputStream.java:213)
at java.io.FileOutputStream.<init>(FileOutputStream.java:101)
at lotame.laptopurl.Xlfile_Reader.setCellData1(Xlfile_Reader.java:86)
at lotame.laptopurl.HitUrlTest.hit(HitUrlTest.java:64)
... Removed 34 stack frames]]>
    </failure>
  </testcase> <!-- hit -->
</testsuite> <!-- Test -->
